<?xml version="1.0" encoding="UTF-8"?>
<!-- Generated by org.testng.reporters.JUnitReportReporter -->
<testsuite hostname="DEV-SHAILESH" failures="0" tests="10" name="com.entrata.testcases.TakeTheTourPageTest" time="5.931" errors="0" timestamp="2024-03-03T11:54:43 CET" skipped="0">
  <testcase classname="com.entrata.testcases.TakeTheTourPageTest" name="verifyEntrataTakeTheTourButtonTest" time="3.121"/>
  <testcase classname="com.entrata.testcases.TakeTheTourPageTest" name="verifyFirstNameTextFieldTest" time="0.273"/>
  <testcase classname="com.entrata.testcases.TakeTheTourPageTest" name="verifyLastNameTextFieldTest" time="0.342"/>
  <testcase classname="com.entrata.testcases.TakeTheTourPageTest" name="verifyEmailTextFieldTest" time="0.256"/>
  <testcase classname="com.entrata.testcases.TakeTheTourPageTest" name="verifyCompanyNameFieldTest" time="0.203"/>
  <testcase classname="com.entrata.testcases.TakeTheTourPageTest" name="verifyPhoneFieldTest" time="0.277"/>
  <testcase classname="com.entrata.testcases.TakeTheTourPageTest" name="verifyUnitCountDropdownFieldTest" time="0.568"/>
  <testcase classname="com.entrata.testcases.TakeTheTourPageTest" name="verifyTitleFieldTest" time="0.330"/>
  <testcase classname="com.entrata.testcases.TakeTheTourPageTest" name="verifydemoRequestDropdownFieldTest" time="0.361"/>
  <testcase classname="com.entrata.testcases.TakeTheTourPageTest" name="verifyWatchDemoButtonTest" time="0.200"/>
</testsuite> <!-- com.entrata.testcases.TakeTheTourPageTest -->
