<?xml version="1.0" encoding="UTF-8"?>
<!-- Generated by org.testng.reporters.JUnitReportReporter -->
<testsuite hostname="DEV-SHAILESH" failures="0" tests="8" name="com.entrata.testcases.HomePageTest" time="4.041" errors="0" timestamp="2024-03-03T11:54:43 CET" skipped="1">
  <testcase classname="com.entrata.testcases.HomePageTest" name="verifyOpenEntrataHomePageTest" time="0.895"/>
  <testcase classname="com.entrata.testcases.HomePageTest" name="verifyEntrataProductsRangeTest" time="1.250"/>
  <testcase classname="com.entrata.testcases.HomePageTest" name="verifyEntrataPropertyManagementProductsTest" time="0.874"/>
  <testcase classname="com.entrata.testcases.HomePageTest" name="verifyEntrataMarketingAndLeasingProductsTest" time="0.277"/>
  <testcase classname="com.entrata.testcases.HomePageTest" name="verifyEntrataAccountingProductsTest" time="0.103"/>
  <testcase classname="com.entrata.testcases.HomePageTest" name="verifyEntrataUtilitiesProductsTest" time="0.199"/>
  <testcase classname="com.entrata.testcases.HomePageTest" name="verifyEntrataAllSolutionsTest" time="0.443"/>
  <testcase classname="com.entrata.testcases.HomePageTest" name="verifyBrokenLinks">
    <skipped/>
  </testcase> <!-- verifyBrokenLinks -->
</testsuite> <!-- com.entrata.testcases.HomePageTest -->
